#! /usr/bin/vvp
:ivl_version "11.0 (stable)";
:ivl_delay_selection "TYPICAL";
:vpi_time_precision + 0;
:vpi_module "/usr/lib/x86_64-linux-gnu/ivl/system.vpi";
:vpi_module "/usr/lib/x86_64-linux-gnu/ivl/vhdl_sys.vpi";
:vpi_module "/usr/lib/x86_64-linux-gnu/ivl/vhdl_textio.vpi";
:vpi_module "/usr/lib/x86_64-linux-gnu/ivl/v2005_math.vpi";
:vpi_module "/usr/lib/x86_64-linux-gnu/ivl/va_math.vpi";
S_0x56297ba0b820 .scope module, "c1" "c1" 2 1;
 .timescale 0 0;
    .port_info 0 /OUTPUT 1 "out";
    .port_info 1 /INPUT 1 "a";
    .port_info 2 /INPUT 1 "b";
    .port_info 3 /INPUT 2 "s";
o0x7fd06beb1258 .functor BUFZ 1, C4<z>; HiZ drive
o0x7fd06beb1288 .functor BUFZ 1, C4<z>; HiZ drive
L_0x56297ba1eb80 .functor AND 1, o0x7fd06beb1258, o0x7fd06beb1288, C4<1>, C4<1>;
L_0x56297ba1ec40 .functor OR 1, o0x7fd06beb1258, o0x7fd06beb1288, C4<0>, C4<0>;
L_0x56297ba1eda0 .functor XOR 1, o0x7fd06beb1258, o0x7fd06beb1288, C4<0>, C4<0>;
v0x56297ba1e540_0 .net "a", 0 0, o0x7fd06beb1258;  0 drivers
v0x56297ba1e620_0 .net "and1", 0 0, L_0x56297ba1eb80;  1 drivers
v0x56297ba1e6e0_0 .net "b", 0 0, o0x7fd06beb1288;  0 drivers
v0x56297ba1e780_0 .net "inv1", 0 0, L_0x56297ba1ee60;  1 drivers
v0x56297ba1e820_0 .net "or1", 0 0, L_0x56297ba1ec40;  1 drivers
v0x56297ba1e910_0 .net "out", 0 0, v0x56297ba1e3c0_0;  1 drivers
o0x7fd06beb1018 .functor BUFZ 2, C4<zz>; HiZ drive
v0x56297ba1e9b0_0 .net "s", 1 0, o0x7fd06beb1018;  0 drivers
v0x56297ba1ea80_0 .net "xor1", 0 0, L_0x56297ba1eda0;  1 drivers
L_0x56297ba1ee60 .reduce/nor o0x7fd06beb1258;
S_0x56297ba0ba20 .scope module, "mux4_1" "mux4_1" 2 7, 3 1 0, S_0x56297ba0b820;
 .timescale 0 0;
    .port_info 0 /OUTPUT 1 "out";
    .port_info 1 /INPUT 1 "a";
    .port_info 2 /INPUT 1 "b";
    .port_info 3 /INPUT 1 "c";
    .port_info 4 /INPUT 1 "d";
    .port_info 5 /INPUT 2 "S";
v0x56297b9f96b0_0 .net "S", 1 0, o0x7fd06beb1018;  alias, 0 drivers
v0x56297ba1e090_0 .net "a", 0 0, L_0x56297ba1eb80;  alias, 1 drivers
v0x56297ba1e150_0 .net "b", 0 0, L_0x56297ba1ec40;  alias, 1 drivers
v0x56297ba1e1f0_0 .net "c", 0 0, L_0x56297ba1eda0;  alias, 1 drivers
v0x56297ba1e2b0_0 .net "d", 0 0, L_0x56297ba1ee60;  alias, 1 drivers
v0x56297ba1e3c0_0 .var "out", 0 0;
E_0x56297b9f4df0/0 .event edge, v0x56297ba1e2b0_0, v0x56297ba1e1f0_0, v0x56297ba1e150_0, v0x56297ba1e090_0;
E_0x56297b9f4df0/1 .event edge, v0x56297b9f96b0_0;
E_0x56297b9f4df0 .event/or E_0x56297b9f4df0/0, E_0x56297b9f4df0/1;
    .scope S_0x56297ba0ba20;
T_0 ;
    %wait E_0x56297b9f4df0;
    %load/vec4 v0x56297b9f96b0_0;
    %dup/vec4;
    %pushi/vec4 0, 0, 2;
    %cmp/u;
    %jmp/1 T_0.0, 6;
    %dup/vec4;
    %pushi/vec4 1, 0, 2;
    %cmp/u;
    %jmp/1 T_0.1, 6;
    %dup/vec4;
    %pushi/vec4 2, 0, 2;
    %cmp/u;
    %jmp/1 T_0.2, 6;
    %dup/vec4;
    %pushi/vec4 3, 0, 2;
    %cmp/u;
    %jmp/1 T_0.3, 6;
    %jmp T_0.4;
T_0.0 ;
    %load/vec4 v0x56297ba1e090_0;
    %store/vec4 v0x56297ba1e3c0_0, 0, 1;
    %jmp T_0.4;
T_0.1 ;
    %load/vec4 v0x56297ba1e150_0;
    %store/vec4 v0x56297ba1e3c0_0, 0, 1;
    %jmp T_0.4;
T_0.2 ;
    %load/vec4 v0x56297ba1e1f0_0;
    %store/vec4 v0x56297ba1e3c0_0, 0, 1;
    %jmp T_0.4;
T_0.3 ;
    %load/vec4 v0x56297ba1e2b0_0;
    %store/vec4 v0x56297ba1e3c0_0, 0, 1;
    %jmp T_0.4;
T_0.4 ;
    %pop/vec4 1;
    %jmp T_0;
    .thread T_0, $push;
# The file index is used to find the file name in the following table.
:file_names 4;
    "N/A";
    "<interactive>";
    "c1.v";
    "mux4_1.v";
